<?xml version="1.0" encoding="utf-8"?><testsuites><testsuite name="pytest" errors="0" failures="0" skipped="0" tests="3" time="38.874" timestamp="2025-09-19T09:21:37.312757" hostname="thc1006-0812"><testcase classname="test_utils" name="test_batch_generator_exact_division" time="0.345" /><testcase classname="test_utils" name="test_batch_generator_with_remainder" time="0.488" /><testcase classname="test_utils" name="test_batch_generator_empty_input" time="0.504" /></testsuite></testsuites>